0 info it worked if it ends with ok
1 verbose cli [ 'C:\\Program Files\\nodejs\\node.exe',
1 verbose cli   'C:\\Program Files\\nodejs\\node_modules\\npm\\bin\\npm-cli.js',
1 verbose cli   'run',
1 verbose cli   'app' ]
2 info using npm@3.10.10
3 info using node@v6.11.1
4 verbose run-script [ 'preapp', 'app', 'postapp' ]
5 info lifecycle travel-made@1.0.0~preapp: travel-made@1.0.0
6 silly lifecycle travel-made@1.0.0~preapp: no script for preapp, continuing
7 info lifecycle travel-made@1.0.0~app: travel-made@1.0.0
8 verbose lifecycle travel-made@1.0.0~app: unsafe-perm in lifecycle true
9 verbose lifecycle travel-made@1.0.0~app: PATH: C:\Program Files\nodejs\node_modules\npm\bin\node-gyp-bin;C:\Users\46323Ra\TravelMate\node_modules\.bin;C:\ProgramData\Oracle\Java\javapath;C:\Program Files\Pindar\ACE;C:\Program Files\Pindar\ACE\JRE\bin\client;C:\Oracle\product\11.2.0\bin;C:\windows\system32;C:\windows;C:\windows\System32\Wbem;C:\windows\System32\WindowsPowerShell\v1.0\;C:\Program Files (x86)\OpenText\Viewer\bin;C:\Program Files\Java\jdk1.8.0_131\bin;C:\Users\46323Ra\Arcanist\arcanist\bin;C:\php;C:\Program Files\nodejs\;C:\Program Files\PuTTY\;"C:\Users\46323Ra\AppData\Local\Google\Cloud SDK\google-cloud-sdk\bin";C:\Users\46323Ra\AppData\Local\Microsoft\WindowsApps;C:\Users\46323Ra\AppData\Local\Programs\Git\cmd;C:\Program Files\Heroku\bin;C:\Program Files\MongoDB\Server\3.4\bin;C:\dev\chrome_driver;C:\Users\46323Ra\AppData\Local\Google\Cloud SDK\google-cloud-sdk\bin
10 verbose lifecycle travel-made@1.0.0~app: CWD: C:\Users\46323Ra\TravelMate
11 silly lifecycle travel-made@1.0.0~app: Args: [ '/d /s /c', 'cd src && nodemon travelMate.js' ]
12 silly lifecycle travel-made@1.0.0~app: Returned: code: 3221225786  signal: null
13 info lifecycle travel-made@1.0.0~app: Failed to exec app script
14 verbose stack Error: travel-made@1.0.0 app: `cd src && nodemon travelMate.js`
14 verbose stack Exit status 3221225786
14 verbose stack     at EventEmitter.<anonymous> (C:\Program Files\nodejs\node_modules\npm\lib\utils\lifecycle.js:255:16)
14 verbose stack     at emitTwo (events.js:106:13)
14 verbose stack     at EventEmitter.emit (events.js:191:7)
14 verbose stack     at ChildProcess.<anonymous> (C:\Program Files\nodejs\node_modules\npm\lib\utils\spawn.js:40:14)
14 verbose stack     at emitTwo (events.js:106:13)
14 verbose stack     at ChildProcess.emit (events.js:191:7)
14 verbose stack     at maybeClose (internal/child_process.js:891:16)
14 verbose stack     at Process.ChildProcess._handle.onexit (internal/child_process.js:226:5)
15 verbose pkgid travel-made@1.0.0
16 verbose cwd C:\Users\46323Ra\TravelMate
17 error Windows_NT 10.0.14393
18 error argv "C:\\Program Files\\nodejs\\node.exe" "C:\\Program Files\\nodejs\\node_modules\\npm\\bin\\npm-cli.js" "run" "app"
19 error node v6.11.1
20 error npm  v3.10.10
21 error code ELIFECYCLE
22 error travel-made@1.0.0 app: `cd src && nodemon travelMate.js`
22 error Exit status 3221225786
23 error Failed at the travel-made@1.0.0 app script 'cd src && nodemon travelMate.js'.
23 error Make sure you have the latest version of node.js and npm installed.
23 error If you do, this is most likely a problem with the travel-made package,
23 error not with npm itself.
23 error Tell the author that this fails on your system:
23 error     cd src && nodemon travelMate.js
23 error You can get information on how to open an issue for this project with:
23 error     npm bugs travel-made
23 error Or if that isn't available, you can get their info via:
23 error     npm owner ls travel-made
23 error There is likely additional logging output above.
24 verbose exit [ 1, true ]
